This is LuaHBTeX, Version 1.22.0 (MiKTeX 25.4) (format=lualatex 2025.5.28)  18 OCT 2025 13:09
 system commands enabled.
**ellipse_illustration.tex
(./ellipse_illustration.tex
LaTeX2e <2024-11-01> patch level 2
L3 programming layer <2025-04-14>
Lua module: luaotfload 2024-12-03 v3.29 Lua based OpenType font support
Lua module: lualibs 2023-07-13 v2.76 ConTeXt Lua standard libraries.
Lua module: lualibs-extended 2023-07-13 v2.76 ConTeXt Lua libraries -- extended 
collection.
luaotfload | conf : Root cache directory is "C:/Users/ZOaZOaZoa/AppData/Local/Mi
KTeX/luatex-cache/generic/names".
luaotfload | init : Loading fontloader "fontloader-2023-12-28.lua" from kpse-res
olved path "E:/Programs/MikTex/tex/luatex/luaotfload/fontloader-2023-12-28.lua".
Lua-only attribute luaotfload@noligature = 1
luaotfload | init : Context OpenType loader version 3.134
Inserting `luaotfload.node_processor' in `pre_linebreak_filter'.
Inserting `luaotfload.node_processor' in `hpack_filter'.
Inserting `luaotfload.glyph_stream' in `glyph_stream_provider'.
Inserting `luaotfload.define_font' in `define_font'.
Lua-only attribute luaotfload_color_attribute = 2
luaotfload | conf : Root cache directory is "C:/Users/ZOaZOaZoa/AppData/Local/Mi
KTeX/luatex-cache/generic/names".
Inserting `luaotfload.harf.strip_prefix' in `find_opentype_file'.
Inserting `luaotfload.harf.strip_prefix' in `find_truetype_file'.
Removing  `luaotfload.glyph_stream' from `glyph_stream_provider'.
Inserting `luaotfload.harf.glyphstream' in `glyph_stream_provider'.
Inserting `luaotfload.harf.finalize_vlist' in `post_linebreak_filter'.
Inserting `luaotfload.harf.finalize_hlist' in `hpack_filter'.
Inserting `luaotfload.cleanup_files' in `wrapup_run'.
Inserting `luaotfload.harf.finalize_unicode' in `finish_pdffile'.
Inserting `luaotfload.glyphinfo' in `glyph_info'.
Lua-only attribute luaotfload.letterspace_done = 3
Inserting `luaotfload.aux.set_sscale_dimens' in `luaotfload.patch_font'.
Inserting `luaotfload.aux.set_font_index' in `luaotfload.patch_font'.
Inserting `luaotfload.aux.patch_cambria_domh' in `luaotfload.patch_font'.
Inserting `luaotfload.aux.fixup_fontdata' in `luaotfload.patch_font_unsafe'.
Inserting `luaotfload.aux.set_capheight' in `luaotfload.patch_font'.
Inserting `luaotfload.aux.set_xheight' in `luaotfload.patch_font'.
Inserting `luaotfload.rewrite_fontname' in `luaotfload.patch_font'.
Inserting `tracingstacklevels' in `input_level_string'. (E:/Programs/MikTex/tex
/latex/standalone/standalone.cls
Document Class: standalone 2025/02/22 v1.5a Class to compile TeX sub-files stan
dalone
(E:/Programs/MikTex/tex/latex/tools/shellesc.sty
Package: shellesc 2023/07/08 v1.0d unified shell escape interface for LaTeX
Package shellesc Info: Unrestricted shell escape enabled on input line 75.
)
(E:/Programs/MikTex/tex/generic/iftex/ifluatex.sty
Package: ifluatex 2019/10/25 v1.5 ifluatex legacy package. Use iftex instead.

(E:/Programs/MikTex/tex/generic/iftex/iftex.sty
Package: iftex 2024/12/12 v1.0g TeX engine tests
))
(E:/Programs/MikTex/tex/latex/xkeyval/xkeyval.sty
Package: xkeyval 2022/06/16 v2.9 package option processing (HA)

(E:/Programs/MikTex/tex/generic/xkeyval/xkeyval.tex
(E:/Programs/MikTex/tex/generic/xkeyval/xkvutils.tex
\XKV@toks=\toks17
\XKV@tempa@toks=\toks18

(E:/Programs/MikTex/tex/generic/xkeyval/keyval.tex))
\XKV@depth=\count270
File: xkeyval.tex 2014/12/03 v2.7a key=value parser (HA)
))
\sa@internal=\count271
\c@sapage=\count272

(E:/Programs/MikTex/tex/latex/standalone/standalone.cfg
File: standalone.cfg 2025/02/22 v1.5a Default configuration file for 'standalon
e' class
)
(E:/Programs/MikTex/tex/latex/base/article.cls
Document Class: article 2024/06/29 v1.4n Standard LaTeX document class
(E:/Programs/MikTex/tex/latex/base/size10.clo
File: size10.clo 2024/06/29 v1.4n Standard LaTeX file (size option)
luaotfload | db : Font names database loaded from C:/Users/ZOaZOaZoa/AppData/Loc
al/MiKTeX/luatex-cache/generic/names/luaotfload-names.luc.gz)
\c@part=\count273
\c@section=\count274
\c@subsection=\count275
\c@subsubsection=\count276
\c@paragraph=\count277
\c@subparagraph=\count278
\c@figure=\count279
\c@table=\count280
\abovecaptionskip=\skip49
\belowcaptionskip=\skip50
\bibindent=\dimen145
)
(E:/Programs/MikTex/tex/latex/luatex85/luatex85.sty
Package: luatex85 2016/06/15 v1.4 pdftex aliases for luatex
)
(E:/Programs/MikTex/tex/generic/pdftexcmds/pdftexcmds.sty
Package: pdftexcmds 2020-06-27 v0.33 Utility functions of pdfTeX for LuaTeX (HO
)

(E:/Programs/MikTex/tex/generic/infwarerr/infwarerr.sty
Package: infwarerr 2019/12/03 v1.5 Providing info/warning/error messages (HO)
)
(E:/Programs/MikTex/tex/generic/ltxcmds/ltxcmds.sty
Package: ltxcmds 2023-12-04 v1.26 LaTeX kernel commands for general use (HO)
)
Package pdftexcmds Info: \pdf@primitive is available.
Package pdftexcmds Info: \pdf@ifprimitive is available.
Package pdftexcmds Info: \pdfdraftmode found.
\pdftexcmds@toks=\toks19
)
(E:/Programs/MikTex/tex/latex/pgf/frontendlayer/tikz.sty
(E:/Programs/MikTex/tex/latex/pgf/basiclayer/pgf.sty
(E:/Programs/MikTex/tex/latex/pgf/utilities/pgfrcs.sty
(E:/Programs/MikTex/tex/generic/pgf/utilities/pgfutil-common.tex
\pgfutil@everybye=\toks20
\pgfutil@tempdima=\dimen146
\pgfutil@tempdimb=\dimen147
)
(E:/Programs/MikTex/tex/generic/pgf/utilities/pgfutil-latex.def
\pgfutil@abb=\box53
)
(E:/Programs/MikTex/tex/generic/pgf/utilities/pgfrcs.code.tex
(E:/Programs/MikTex/tex/generic/pgf/pgf.revision.tex)
Package: pgfrcs 2023-01-15 v3.1.10 (3.1.10)
))
Package: pgf 2023-01-15 v3.1.10 (3.1.10)

(E:/Programs/MikTex/tex/latex/pgf/basiclayer/pgfcore.sty
(E:/Programs/MikTex/tex/latex/graphics/graphicx.sty
Package: graphicx 2021/09/16 v1.2d Enhanced LaTeX Graphics (DPC,SPQR)

(E:/Programs/MikTex/tex/latex/graphics/graphics.sty
Package: graphics 2024/08/06 v1.4g Standard LaTeX Graphics (DPC,SPQR)

(E:/Programs/MikTex/tex/latex/graphics/trig.sty
Package: trig 2023/12/02 v1.11 sin cos tan (DPC)
)
(E:/Programs/MikTex/tex/latex/graphics-cfg/graphics.cfg
File: graphics.cfg 2016/06/04 v1.11 sample graphics configuration
)
Package graphics Info: Driver file: luatex.def on input line 106.

(E:/Programs/MikTex/tex/latex/graphics-def/luatex.def
File: luatex.def 2024/04/13 v1.2e Graphics/color driver for luatex
))
\Gin@req@height=\dimen148
\Gin@req@width=\dimen149
)
(E:/Programs/MikTex/tex/latex/pgf/systemlayer/pgfsys.sty
(E:/Programs/MikTex/tex/generic/pgf/systemlayer/pgfsys.code.tex
Package: pgfsys 2023-01-15 v3.1.10 (3.1.10)

(E:/Programs/MikTex/tex/generic/pgf/utilities/pgfkeys.code.tex
\pgfkeys@pathtoks=\toks21
\pgfkeys@temptoks=\toks22

(E:/Programs/MikTex/tex/generic/pgf/utilities/pgfkeyslibraryfiltered.code.tex
\pgfkeys@tmptoks=\toks23
))
\pgf@x=\dimen150
\pgf@y=\dimen151
\pgf@xa=\dimen152
\pgf@ya=\dimen153
\pgf@xb=\dimen154
\pgf@yb=\dimen155
\pgf@xc=\dimen156
\pgf@yc=\dimen157
\pgf@xd=\dimen158
\pgf@yd=\dimen159
\w@pgf@writea=\write3
\r@pgf@reada=\read2
\c@pgf@counta=\count281
\c@pgf@countb=\count282
\c@pgf@countc=\count283
\c@pgf@countd=\count284
\t@pgf@toka=\toks24
\t@pgf@tokb=\toks25
\t@pgf@tokc=\toks26
\pgf@sys@id@count=\count285
(E:/Programs/MikTex/tex/generic/pgf/systemlayer/pgf.cfg
File: pgf.cfg 2023-01-15 v3.1.10 (3.1.10)
)
Driver file for pgf: pgfsys-luatex.def

(E:/Programs/MikTex/tex/generic/pgf/systemlayer/pgfsys-luatex.def
File: pgfsys-luatex.def 2023-01-15 v3.1.10 (3.1.10)

(E:/Programs/MikTex/tex/generic/pgf/systemlayer/pgfsys-common-pdf.def
File: pgfsys-common-pdf.def 2023-01-15 v3.1.10 (3.1.10)
)))
(E:/Programs/MikTex/tex/generic/pgf/systemlayer/pgfsyssoftpath.code.tex
File: pgfsyssoftpath.code.tex 2023-01-15 v3.1.10 (3.1.10)
\pgfsyssoftpath@smallbuffer@items=\count286
\pgfsyssoftpath@bigbuffer@items=\count287
)
(E:/Programs/MikTex/tex/generic/pgf/systemlayer/pgfsysprotocol.code.tex
File: pgfsysprotocol.code.tex 2023-01-15 v3.1.10 (3.1.10)
))
(E:/Programs/MikTex/tex/latex/xcolor/xcolor.sty
Package: xcolor 2024/09/29 v3.02 LaTeX color extensions (UK)

(E:/Programs/MikTex/tex/latex/graphics-cfg/color.cfg
File: color.cfg 2016/01/02 v1.6 sample color configuration
)
Package xcolor Info: Driver file: luatex.def on input line 274.

(E:/Programs/MikTex/tex/latex/graphics/mathcolor.ltx)
Package xcolor Info: Model `cmy' substituted by `cmy0' on input line 1349.
Package xcolor Info: Model `hsb' substituted by `rgb' on input line 1353.
Package xcolor Info: Model `RGB' extended on input line 1365.
Package xcolor Info: Model `HTML' substituted by `rgb' on input line 1367.
Package xcolor Info: Model `Hsb' substituted by `hsb' on input line 1368.
Package xcolor Info: Model `tHsb' substituted by `hsb' on input line 1369.
Package xcolor Info: Model `HSB' substituted by `hsb' on input line 1370.
Package xcolor Info: Model `Gray' substituted by `gray' on input line 1371.
Package xcolor Info: Model `wave' substituted by `hsb' on input line 1372.
)
(E:/Programs/MikTex/tex/generic/pgf/basiclayer/pgfcore.code.tex
Package: pgfcore 2023-01-15 v3.1.10 (3.1.10)

(E:/Programs/MikTex/tex/generic/pgf/math/pgfmath.code.tex
(E:/Programs/MikTex/tex/generic/pgf/math/pgfmathutil.code.tex)
(E:/Programs/MikTex/tex/generic/pgf/math/pgfmathparser.code.tex
\pgfmath@dimen=\dimen160
\pgfmath@count=\count288
\pgfmath@box=\box54
\pgfmath@toks=\toks27
\pgfmath@stack@operand=\toks28
\pgfmath@stack@operation=\toks29
)
(E:/Programs/MikTex/tex/generic/pgf/math/pgfmathfunctions.code.tex)
(E:/Programs/MikTex/tex/generic/pgf/math/pgfmathfunctions.basic.code.tex)
(E:/Programs/MikTex/tex/generic/pgf/math/pgfmathfunctions.trigonometric.code.te
x) (E:/Programs/MikTex/tex/generic/pgf/math/pgfmathfunctions.random.code.tex)
(E:/Programs/MikTex/tex/generic/pgf/math/pgfmathfunctions.comparison.code.tex)
(E:/Programs/MikTex/tex/generic/pgf/math/pgfmathfunctions.base.code.tex)
(E:/Programs/MikTex/tex/generic/pgf/math/pgfmathfunctions.round.code.tex)
(E:/Programs/MikTex/tex/generic/pgf/math/pgfmathfunctions.misc.code.tex)
(E:/Programs/MikTex/tex/generic/pgf/math/pgfmathfunctions.integerarithmetics.co
de.tex) (E:/Programs/MikTex/tex/generic/pgf/math/pgfmathcalc.code.tex)
(E:/Programs/MikTex/tex/generic/pgf/math/pgfmathfloat.code.tex
\c@pgfmathroundto@lastzeros=\count289
))
(E:/Programs/MikTex/tex/generic/pgf/math/pgfint.code.tex)
(E:/Programs/MikTex/tex/generic/pgf/basiclayer/pgfcorepoints.code.tex
File: pgfcorepoints.code.tex 2023-01-15 v3.1.10 (3.1.10)
\pgf@picminx=\dimen161
\pgf@picmaxx=\dimen162
\pgf@picminy=\dimen163
\pgf@picmaxy=\dimen164
\pgf@pathminx=\dimen165
\pgf@pathmaxx=\dimen166
\pgf@pathminy=\dimen167
\pgf@pathmaxy=\dimen168
\pgf@xx=\dimen169
\pgf@xy=\dimen170
\pgf@yx=\dimen171
\pgf@yy=\dimen172
\pgf@zx=\dimen173
\pgf@zy=\dimen174
)
(E:/Programs/MikTex/tex/generic/pgf/basiclayer/pgfcorepathconstruct.code.tex
File: pgfcorepathconstruct.code.tex 2023-01-15 v3.1.10 (3.1.10)
\pgf@path@lastx=\dimen175
\pgf@path@lasty=\dimen176
)
(E:/Programs/MikTex/tex/generic/pgf/basiclayer/pgfcorepathusage.code.tex
File: pgfcorepathusage.code.tex 2023-01-15 v3.1.10 (3.1.10)
\pgf@shorten@end@additional=\dimen177
\pgf@shorten@start@additional=\dimen178
)
(E:/Programs/MikTex/tex/generic/pgf/basiclayer/pgfcorescopes.code.tex
File: pgfcorescopes.code.tex 2023-01-15 v3.1.10 (3.1.10)
\pgfpic=\box55
\pgf@hbox=\box56
\pgf@layerbox@main=\box57
\pgf@picture@serial@count=\count290
)
(E:/Programs/MikTex/tex/generic/pgf/basiclayer/pgfcoregraphicstate.code.tex
File: pgfcoregraphicstate.code.tex 2023-01-15 v3.1.10 (3.1.10)
\pgflinewidth=\dimen179
)
(E:/Programs/MikTex/tex/generic/pgf/basiclayer/pgfcoretransformations.code.tex
File: pgfcoretransformations.code.tex 2023-01-15 v3.1.10 (3.1.10)
\pgf@pt@x=\dimen180
\pgf@pt@y=\dimen181
\pgf@pt@temp=\dimen182
) (E:/Programs/MikTex/tex/generic/pgf/basiclayer/pgfcorequick.code.tex
File: pgfcorequick.code.tex 2023-01-15 v3.1.10 (3.1.10)
)
(E:/Programs/MikTex/tex/generic/pgf/basiclayer/pgfcoreobjects.code.tex
File: pgfcoreobjects.code.tex 2023-01-15 v3.1.10 (3.1.10)
)
(E:/Programs/MikTex/tex/generic/pgf/basiclayer/pgfcorepathprocessing.code.tex
File: pgfcorepathprocessing.code.tex 2023-01-15 v3.1.10 (3.1.10)
)
(E:/Programs/MikTex/tex/generic/pgf/basiclayer/pgfcorearrows.code.tex
File: pgfcorearrows.code.tex 2023-01-15 v3.1.10 (3.1.10)
\pgfarrowsep=\dimen183
)
(E:/Programs/MikTex/tex/generic/pgf/basiclayer/pgfcoreshade.code.tex
File: pgfcoreshade.code.tex 2023-01-15 v3.1.10 (3.1.10)
\pgf@max=\dimen184
\pgf@sys@shading@range@num=\count291
\pgf@shadingcount=\count292
)
(E:/Programs/MikTex/tex/generic/pgf/basiclayer/pgfcoreimage.code.tex
File: pgfcoreimage.code.tex 2023-01-15 v3.1.10 (3.1.10)
)
(E:/Programs/MikTex/tex/generic/pgf/basiclayer/pgfcoreexternal.code.tex
File: pgfcoreexternal.code.tex 2023-01-15 v3.1.10 (3.1.10)
\pgfexternal@startupbox=\box58
)
(E:/Programs/MikTex/tex/generic/pgf/basiclayer/pgfcorelayers.code.tex
File: pgfcorelayers.code.tex 2023-01-15 v3.1.10 (3.1.10)
)
(E:/Programs/MikTex/tex/generic/pgf/basiclayer/pgfcoretransparency.code.tex
File: pgfcoretransparency.code.tex 2023-01-15 v3.1.10 (3.1.10)
)
(E:/Programs/MikTex/tex/generic/pgf/basiclayer/pgfcorepatterns.code.tex
File: pgfcorepatterns.code.tex 2023-01-15 v3.1.10 (3.1.10)
)
(E:/Programs/MikTex/tex/generic/pgf/basiclayer/pgfcorerdf.code.tex
File: pgfcorerdf.code.tex 2023-01-15 v3.1.10 (3.1.10)
)))
(E:/Programs/MikTex/tex/generic/pgf/modules/pgfmoduleshapes.code.tex
File: pgfmoduleshapes.code.tex 2023-01-15 v3.1.10 (3.1.10)
\pgfnodeparttextbox=\box59
)
(E:/Programs/MikTex/tex/generic/pgf/modules/pgfmoduleplot.code.tex
File: pgfmoduleplot.code.tex 2023-01-15 v3.1.10 (3.1.10)
)
(E:/Programs/MikTex/tex/latex/pgf/compatibility/pgfcomp-version-0-65.sty
Package: pgfcomp-version-0-65 2023-01-15 v3.1.10 (3.1.10)
\pgf@nodesepstart=\dimen185
\pgf@nodesepend=\dimen186
)
(E:/Programs/MikTex/tex/latex/pgf/compatibility/pgfcomp-version-1-18.sty
Package: pgfcomp-version-1-18 2023-01-15 v3.1.10 (3.1.10)
))
(E:/Programs/MikTex/tex/latex/pgf/utilities/pgffor.sty
(E:/Programs/MikTex/tex/latex/pgf/utilities/pgfkeys.sty
(E:/Programs/MikTex/tex/generic/pgf/utilities/pgfkeys.code.tex))
(E:/Programs/MikTex/tex/latex/pgf/math/pgfmath.sty
(E:/Programs/MikTex/tex/generic/pgf/math/pgfmath.code.tex))
(E:/Programs/MikTex/tex/generic/pgf/utilities/pgffor.code.tex
Package: pgffor 2023-01-15 v3.1.10 (3.1.10)
\pgffor@iter=\dimen187
\pgffor@skip=\dimen188
\pgffor@stack=\toks30
\pgffor@toks=\toks31
))
(E:/Programs/MikTex/tex/generic/pgf/frontendlayer/tikz/tikz.code.tex
Package: tikz 2023-01-15 v3.1.10 (3.1.10)

(E:/Programs/MikTex/tex/generic/pgf/libraries/pgflibraryplothandlers.code.tex
File: pgflibraryplothandlers.code.tex 2023-01-15 v3.1.10 (3.1.10)
\pgf@plot@mark@count=\count293
\pgfplotmarksize=\dimen189
)
\tikz@lastx=\dimen190
\tikz@lasty=\dimen191
\tikz@lastxsaved=\dimen192
\tikz@lastysaved=\dimen193
\tikz@lastmovetox=\dimen194
\tikz@lastmovetoy=\dimen195
\tikzleveldistance=\dimen196
\tikzsiblingdistance=\dimen197
\tikz@figbox=\box60
\tikz@figbox@bg=\box61
\tikz@tempbox=\box62
\tikz@tempbox@bg=\box63
\tikztreelevel=\count294
\tikznumberofchildren=\count295
\tikznumberofcurrentchild=\count296
\tikz@fig@count=\count297

(E:/Programs/MikTex/tex/generic/pgf/modules/pgfmodulematrix.code.tex
File: pgfmodulematrix.code.tex 2023-01-15 v3.1.10 (3.1.10)
\pgfmatrixcurrentrow=\count298
\pgfmatrixcurrentcolumn=\count299
\pgf@matrix@numberofcolumns=\count300
)
\tikz@expandcount=\count301

(E:/Programs/MikTex/tex/generic/pgf/frontendlayer/tikz/libraries/tikzlibrarytop
aths.code.tex
File: tikzlibrarytopaths.code.tex 2023-01-15 v3.1.10 (3.1.10)
)))
\sa@box=\box64
)
(E:/Programs/MikTex/tex/generic/pgf/frontendlayer/tikz/libraries/tikzlibrary3d.
code.tex
File: tikzlibrary3d.code.tex 2023-01-15 v3.1.10 (3.1.10)
)
(E:/Programs/MikTex/tex/generic/pgf/frontendlayer/tikz/libraries/tikzlibrarycal
c.code.tex
File: tikzlibrarycalc.code.tex 2023-01-15 v3.1.10 (3.1.10)
)
(E:/Programs/MikTex/tex/generic/pgf/frontendlayer/tikz/libraries/tikzlibrarypos
itioning.code.tex
File: tikzlibrarypositioning.code.tex 2023-01-15 v3.1.10 (3.1.10)
) (./tikzPreamble.tex
(E:/Programs/MikTex/tex/latex/tkz-base/tkz-base.sty
2024/01/16 4.21c tkz-base.sty
Package: tkz-base 2024/01/16 4.21c tkz-base

(E:/Programs/MikTex/tex/generic/pgf/frontendlayer/tikz/libraries/tikzlibraryang
les.code.tex
File: tikzlibraryangles.code.tex 2023-01-15 v3.1.10 (3.1.10)
)
(E:/Programs/MikTex/tex/generic/pgf/frontendlayer/tikz/libraries/tikzlibraryarr
ows.code.tex
File: tikzlibraryarrows.code.tex 2023-01-15 v3.1.10 (3.1.10)

(E:/Programs/MikTex/tex/generic/pgf/libraries/pgflibraryarrows.code.tex
File: pgflibraryarrows.code.tex 2023-01-15 v3.1.10 (3.1.10)
\arrowsize=\dimen198
))
(E:/Programs/MikTex/tex/generic/pgf/libraries/pgflibraryarrows.meta.code.tex
File: pgflibraryarrows.meta.code.tex 2023-01-15 v3.1.10 (3.1.10)
\pgfarrowinset=\dimen199
\pgfarrowlength=\dimen256
\pgfarrowwidth=\dimen257
\pgfarrowlinewidth=\dimen258
)
(E:/Programs/MikTex/tex/generic/pgf/frontendlayer/tikz/libraries/tikzlibrarybac
kgrounds.code.tex
File: tikzlibrarybackgrounds.code.tex 2023-01-15 v3.1.10 (3.1.10)
\pgf@layerbox@background=\box65
\pgf@layerboxsaved@background=\box66
)
(E:/Programs/MikTex/tex/generic/pgf/frontendlayer/tikz/libraries/tikzlibrarydec
orations.code.tex
(E:/Programs/MikTex/tex/generic/pgf/modules/pgfmoduledecorations.code.tex
\pgfdecoratedcompleteddistance=\dimen259
\pgfdecoratedremainingdistance=\dimen260
\pgfdecoratedinputsegmentcompleteddistance=\dimen261
\pgfdecoratedinputsegmentremainingdistance=\dimen262
\pgf@decorate@distancetomove=\dimen263
\pgf@decorate@repeatstate=\count302
\pgfdecorationsegmentamplitude=\dimen264
\pgfdecorationsegmentlength=\dimen265
)
\tikz@lib@dec@box=\box67
)
(E:/Programs/MikTex/tex/generic/pgf/frontendlayer/tikz/libraries/tikzlibrarydec
orations.markings.code.tex
(E:/Programs/MikTex/tex/generic/pgf/libraries/decorations/pgflibrarydecorations
.markings.code.tex))
(E:/Programs/MikTex/tex/generic/pgf/frontendlayer/tikz/libraries/tikzlibrarydec
orations.pathreplacing.code.tex
(E:/Programs/MikTex/tex/generic/pgf/libraries/decorations/pgflibrarydecorations
.pathreplacing.code.tex))
(E:/Programs/MikTex/tex/generic/pgf/frontendlayer/tikz/libraries/tikzlibrarydec
orations.shapes.code.tex
(E:/Programs/MikTex/tex/generic/pgf/libraries/decorations/pgflibrarydecorations
.shapes.code.tex))
(E:/Programs/MikTex/tex/generic/pgf/frontendlayer/tikz/libraries/tikzlibrarydec
orations.text.code.tex
(E:/Programs/MikTex/tex/generic/pgf/libraries/decorations/pgflibrarydecorations
.text.code.tex
\pgf@lib@dec@text@box=\box68
)
\tikz@lib@dec@te@box=\box69
)
(E:/Programs/MikTex/tex/generic/pgf/frontendlayer/tikz/libraries/tikzlibrarydec
orations.pathmorphing.code.tex
(E:/Programs/MikTex/tex/generic/pgf/libraries/decorations/pgflibrarydecorations
.pathmorphing.code.tex))
(E:/Programs/MikTex/tex/generic/pgf/frontendlayer/tikz/libraries/tikzlibraryint
ersections.code.tex
(E:/Programs/MikTex/tex/generic/pgf/libraries/pgflibraryintersections.code.tex
(E:/Programs/MikTex/tex/generic/pgf/libraries/pgflibraryfpu.code.tex)
\pgf@intersect@solutions=\count303
))
(E:/Programs/MikTex/tex/generic/pgf/frontendlayer/tikz/libraries/tikzlibrarypat
terns.code.tex
File: tikzlibrarypatterns.code.tex 2023-01-15 v3.1.10 (3.1.10)

(E:/Programs/MikTex/tex/generic/pgf/libraries/pgflibrarypatterns.code.tex
File: pgflibrarypatterns.code.tex 2023-01-15 v3.1.10 (3.1.10)
))
(E:/Programs/MikTex/tex/generic/pgf/frontendlayer/tikz/libraries/tikzlibraryplo
tmarks.code.tex
File: tikzlibraryplotmarks.code.tex 2023-01-15 v3.1.10 (3.1.10)

(E:/Programs/MikTex/tex/generic/pgf/libraries/pgflibraryplotmarks.code.tex
File: pgflibraryplotmarks.code.tex 2023-01-15 v3.1.10 (3.1.10)
))
(E:/Programs/MikTex/tex/generic/pgf/frontendlayer/tikz/libraries/tikzlibraryquo
tes.code.tex
File: tikzlibraryquotes.code.tex 2023-01-15 v3.1.10 (3.1.10)
)
(E:/Programs/MikTex/tex/generic/pgf/frontendlayer/tikz/libraries/tikzlibrarysha
pes.misc.code.tex
File: tikzlibraryshapes.misc.code.tex 2023-01-15 v3.1.10 (3.1.10)

(E:/Programs/MikTex/tex/generic/pgf/libraries/shapes/pgflibraryshapes.misc.code
.tex
File: pgflibraryshapes.misc.code.tex 2023-01-15 v3.1.10 (3.1.10)
))
(E:/Programs/MikTex/tex/generic/pgf/frontendlayer/tikz/libraries/tikzlibrarysha
dows.code.tex
File: tikzlibraryshadows.code.tex 2023-01-15 v3.1.10 (3.1.10)

(E:/Programs/MikTex/tex/generic/pgf/frontendlayer/tikz/libraries/tikzlibraryfad
ings.code.tex
File: tikzlibraryfadings.code.tex 2023-01-15 v3.1.10 (3.1.10)

(E:/Programs/MikTex/tex/generic/pgf/libraries/pgflibraryfadings.code.tex
File: pgflibraryfadings.code.tex 2023-01-15 v3.1.10 (3.1.10)
)))
(E:/Programs/MikTex/tex/generic/pgf/frontendlayer/tikz/libraries/tikzlibrarythr
ough.code.tex
File: tikzlibrarythrough.code.tex 2023-01-15 v3.1.10 (3.1.10)
) (E:/Programs/MikTex/tex/latex/numprint/numprint.sty
Package: numprint 2012/08/20 v1.39 Print numbers (HH)

(E:/Programs/MikTex/tex/latex/tools/array.sty
Package: array 2024/10/17 v2.6g Tabular extension package (FMi)
\col@sep=\dimen266
\ar@mcellbox=\box70
\extrarowheight=\dimen267
\NC@list=\toks32
\extratabsurround=\skip51
\backup@length=\skip52
\ar@cellbox=\box71
)
\c@nprt@mantissa@digitsbefore=\count304
\c@nprt@mantissa@digitsafter=\count305
\c@nprt@exponent@digitsbefore=\count306
\c@nprt@exponent@digitsafter=\count307
\nprt@digitwidth=\skip53
\nprt@sepwidth=\skip54
\nprt@decimalwidth=\skip55
\nprt@blockwidth=\skip56
\nprt@digittoks=\toks33
\nprt@pretoks=\toks34
\nprt@posttoks=\toks35
\nprt@thisdigit=\count308
\nprt@curpos=\count309
\nprt@rndpos=\count310
\c@nprt@digitsfirstblock=\count311
\c@nprt@blockcnt=\count312
\c@nprt@cntprint=\count313

No configuration file `numprint.cfg' found.)
(E:/Programs/MikTex/tex/latex/l3packages/xfp/xfp.sty
(E:/Programs/MikTex/tex/latex/l3kernel/expl3.sty
Package: expl3 2025-04-14 L3 programming layer (loader) 

(E:/Programs/MikTex/tex/latex/l3backend/l3backend-luatex.def
File: l3backend-luatex.def 2025-04-14 L3 backend support: PDF output (LuaTeX)
\l__color_backend_stack_int=\count314
Inserting `l3color' in `luaotfload.parse_color'.))
Package: xfp 2024-08-16 L3 Floating point unit
)
(E:/Programs/MikTex/tex/latex/fp/fp.sty
Package: fp 1995/04/02

`Fixed Point Package', Version 0.8, April 2, 1995 (C) Michael Mehlich
(E:/Programs/MikTex/tex/latex/fp/defpattern.sty
Package: defpattern 1994/10/12
\actioncount=\count315
)
(E:/Programs/MikTex/tex/latex/fp/fp-basic.sty
Package: fp-basic 1996/05/13
\FP@xs=\count316
\FP@xia=\count317
\FP@xib=\count318
\FP@xfa=\count319
\FP@xfb=\count320
\FP@rega=\count321
\FP@regb=\count322
\FP@regs=\count323
\FP@times=\count324
)
(E:/Programs/MikTex/tex/latex/fp/fp-addons.sty
Package: fp-addons 1995/03/15
)
(E:/Programs/MikTex/tex/latex/fp/fp-snap.sty
Package: fp-snap 1995/04/05
)
(E:/Programs/MikTex/tex/latex/fp/fp-exp.sty
Package: fp-exp 1995/04/03
)
(E:/Programs/MikTex/tex/latex/fp/fp-trigo.sty
Package: fp-trigo 1995/04/14
)
(E:/Programs/MikTex/tex/latex/fp/fp-pas.sty
Package: fp-pas 1994/08/29
)
(E:/Programs/MikTex/tex/latex/fp/fp-random.sty
Package: fp-random 1995/02/23
\FPseed=\count325
)
(E:/Programs/MikTex/tex/latex/fp/fp-eqn.sty
Package: fp-eqn 1995/04/03
)
(E:/Programs/MikTex/tex/latex/fp/fp-upn.sty
Package: fp-upn 1996/10/21
)
(E:/Programs/MikTex/tex/latex/fp/fp-eval.sty
Package: fp-eval 1995/04/03
))
\tkz@ax=\dimen268
\tkz@ay=\dimen269
\tkz@bx=\dimen270
\tkz@by=\dimen271
\tkz@cx=\dimen272
\tkz@cy=\dimen273
\tkz@dx=\dimen274
\tkz@dy=\dimen275
\tkz@tax=\dimen276
\tkz@tay=\dimen277
\tkz@tbx=\dimen278
\tkz@tby=\dimen279
\tkz@tcx=\dimen280
\tkz@tcy=\dimen281
\tkz@tdx=\dimen282
\tkz@tdy=\dimen283
\tkz@cntmk=\count326

Local configuration file tkz-base.cfg found and used
(E:/Programs/MikTex/tex/latex/tkz-base/tkz-base.cfg
2024/01/16 4.21c tkz-base.cfg
) (E:/Programs/MikTex/tex/latex/tkz-base/tkz-tools-modules.tex
2024/01/16 4.21c tkz-tools-modules.tex
) (E:/Programs/MikTex/tex/latex/tkz-base/tkz-lib-marks.tex
2024/01/16 4.21c tkz-lib-marks.tex
) (E:/Programs/MikTex/tex/latex/tkz-base/tkz-lib-shape.tex
2024/01/16 4.21c tkz-lib-shape.tex
) (E:/Programs/MikTex/tex/latex/tkz-base/tkz-tools-base.tex
2024/01/16 4.21c tkz-tools-base.tex
) (E:/Programs/MikTex/tex/latex/tkz-base/tkz-tools-utilities.tex
2024/01/16 4.21c tkz-tools-utilities.tex
) (E:/Programs/MikTex/tex/latex/tkz-base/tkz-tools-colors.tex
2024/01/16 4.21c tkz-tools-colors
) (E:/Programs/MikTex/tex/latex/tkz-base/tkz-tools-text.tex
2024/01/16 4.21c tkz-tools-text.tex
) (E:/Programs/MikTex/tex/latex/tkz-base/tkz-tools-BB.tex
2024/01/16 4.21c tkz-obj-BB.tex
) (E:/Programs/MikTex/tex/latex/tkz-base/tkz-tools-arith.tex
2024/01/16 4.21c tkz-tools-arith.tex
File: tkz-tool-arith.tex tkz-tool-arith 3.02 c
) (E:/Programs/MikTex/tex/latex/tkz-base/tkz-tools-print.tex
2024/01/16 4.21c tkz-tools-print
) (E:/Programs/MikTex/tex/latex/tkz-base/tkz-tools-misc.tex
2024/01/16 4.21c tkz-tools-misc.tex
) (E:/Programs/MikTex/tex/latex/tkz-base/tkz-obj-axes.tex
2024/01/16 4.21c tkz-obj-axes
) (E:/Programs/MikTex/tex/latex/tkz-base/tkz-obj-grids.tex
2024/01/16 4.21c tkz-obj-grids.tex
) (E:/Programs/MikTex/tex/latex/tkz-base/tkz-obj-marks.tex
2024/01/16 4.21c tkz-obj-marks.tex
) (E:/Programs/MikTex/tex/latex/tkz-base/tkz-obj-points.tex
2024/01/16 4.21c tkz-obj-points.tex
) (E:/Programs/MikTex/tex/latex/tkz-base/tkz-obj-rep.tex
2024/01/16 4.21c tkz-obj-rep.tex
))
(E:/Programs/MikTex/tex/generic/pgf/frontendlayer/tikz/libraries/tikzlibrarysha
pes.geometric.code.tex
File: tikzlibraryshapes.geometric.code.tex 2023-01-15 v3.1.10 (3.1.10)

(E:/Programs/MikTex/tex/generic/pgf/libraries/shapes/pgflibraryshapes.geometric
.code.tex
File: pgflibraryshapes.geometric.code.tex 2023-01-15 v3.1.10 (3.1.10)
))) (./ellipse_illustration.aux)
\openout1 = ellipse_illustration.aux

LaTeX Font Info:    Checking defaults for OML/cmm/m/it on input line 7.
LaTeX Font Info:    ... okay on input line 7.
LaTeX Font Info:    Checking defaults for OMS/cmsy/m/n on input line 7.
LaTeX Font Info:    ... okay on input line 7.
LaTeX Font Info:    Checking defaults for OT1/cmr/m/n on input line 7.
LaTeX Font Info:    ... okay on input line 7.
LaTeX Font Info:    Checking defaults for T1/cmr/m/n on input line 7.
LaTeX Font Info:    ... okay on input line 7.
LaTeX Font Info:    Checking defaults for TS1/cmr/m/n on input line 7.
LaTeX Font Info:    ... okay on input line 7.
LaTeX Font Info:    Checking defaults for TU/lmr/m/n on input line 7.
LaTeX Font Info:    ... okay on input line 7.
LaTeX Font Info:    Checking defaults for OMX/cmex/m/n on input line 7.
LaTeX Font Info:    ... okay on input line 7.
LaTeX Font Info:    Checking defaults for U/cmr/m/n on input line 7.
LaTeX Font Info:    ... okay on input line 7.

(E:/Programs/MikTex/tex/context/base/mkii/supp-pdf.mkii
[Loading MPS to PDF converter (version 2006.09.02).]
\scratchcounter=\count327
\scratchdimen=\dimen284
\scratchbox=\box72
\nofMPsegments=\count328
\nofMParguments=\count329
\everyMPshowfont=\toks36
\MPscratchCnt=\count330
\MPscratchDim=\dimen285
\MPnumerator=\count331
\makeMPintoPDFobject=\count332
\everyMPtoPDFconversion=\toks37
) (E:/Programs/MikTex/tex/latex/epstopdf-pkg/epstopdf-base.sty
Package: epstopdf-base 2020-01-24 v2.11 Base part for package epstopdf
Package epstopdf-base Info: Redefining graphics rule for `.eps' on input line 4
85.

(E:/Programs/MikTex/tex/latex/00miktex/epstopdf-sys.cfg
File: epstopdf-sys.cfg 2021/03/18 v2.0 Configuration of epstopdf for MiKTeX
))
LaTeX Font Info:    External font `cmex10' loaded for size
(Font)              <7> on input line 82.
LaTeX Font Info:    External font `cmex10' loaded for size
(Font)              <5> on input line 82.


[1


Non-PDF special ignored!{C:/Users/ZOaZOaZoa/AppData/Local/MiKTeX/fonts/map/pdfte
x/pdftex.map}] (./ellipse_illustration.aux)
 ***********
LaTeX2e <2024-11-01> patch level 2
L3 programming layer <2025-04-14>
 ***********
)

Here is how much of LuaTeX's memory you used:
 19423 strings out of 471925
 100000,953878 words of node,token memory allocated
 938 words of node memory still in use:
   19 hlist, 1 vlist, 9 rule, 2 glue, 3 kern, 1 glyph, 53 attribute, 49 glue_spe
c, 53 attribute_list, 2 write, 16 pdf_literal, 16 pdf_colorstack nodes
   avail lists: 2:2360,3:2441,4:196,5:48,6:2,7:1124,8:5,9:369
 45221 multiletter control sequences out of 65536+600000
 25 fonts using 1345055 bytes
 117i,7n,114p,421b,855s stack positions out of 10000i,1000n,20000p,200000b,200000s
<e:/programs/miktex/fonts/opentype/public/lm/lmroman10-regular.otf><E:/Programs/
MikTex/fonts/type1/public/amsfonts/cm/cmmi10.pfb><E:/Programs/MikTex/fonts/type1
/public/amsfonts/cm/cmmi7.pfb><E:/Programs/MikTex/fonts/type1/public/amsfonts/cm
/cmr10.pfb><E:/Programs/MikTex/fonts/type1/public/amsfonts/cm/cmsy10.pfb>
Output written on ellipse_illustration.pdf (1 page, 50034 bytes).

PDF statistics: 56 PDF objects out of 1000 (max. 8388607)
 0 named destinations out of 1000 (max. 131072)
 176 words of extra memory for PDF output out of 10000 (max. 100000000)

